#
# There is insufficient memory for the Java Runtime Environment to continue.
# Native memory allocation (mmap) failed to map 65536 bytes for Failed to commit metaspace.
# Possible reasons:
#   The system is out of physical RAM or swap space
#   The process is running with CompressedOops enabled, and the Java Heap may be blocking the growth of the native heap
# Possible solutions:
#   Reduce memory load on the system
#   Increase physical memory or swap space
#   Check if swap backing store is full
#   Decrease Java heap size (-Xmx/-Xms)
#   Decrease number of Java threads
#   Decrease Java thread stack sizes (-Xss)
#   Set larger code cache with -XX:ReservedCodeCacheSize=
#   JVM is running with Unscaled Compressed Oops mode in which the Java heap is
#     placed in the first 4GB address space. The Java Heap base address is the
#     maximum limit for the native heap growth. Please use -XX:HeapBaseMinAddress
#     to set the Java Heap base and to place the Java Heap above 4GB virtual address.
# This output file may be truncated or incomplete.
#
#  Out of Memory Error (virtualSpaceNode.cpp:110), pid=21156, tid=13832
#
# JRE version: Java(TM) SE Runtime Environment (17.0.10+11) (build 17.0.10+11-LTS-240)
# Java VM: Java HotSpot(TM) 64-Bit Server VM (17.0.10+11-LTS-240, mixed mode, tiered, compressed oops, compressed class ptrs, g1 gc, windows-amd64)
# No core dump will be written. Minidumps are not enabled by default on client versions of Windows
#

---------------  S U M M A R Y ------------

Command Line: -Dfile.encoding=UTF-8 -Dstdout.encoding=UTF-8 -Dstderr.encoding=UTF-8 -XX:+ShowCodeDetailsInExceptionMessages edu.ar.unju.fi.ejercicio05.main.Main

Host: AMD Athlon 3000G with Radeon Vega Graphics     , 4 cores, 5G,  Windows 10 , 64 bit Build 19041 (10.0.19041.3636)
Time: Wed May  8 13:57:29 2024 Hora estándar de Argentina elapsed time: 0.182347 seconds (0d 0h 0m 0s)

---------------  T H R E A D  ---------------

Current thread (0x000002337f0c9540):  JavaThread "main" [_thread_in_vm, id=13832, stack(0x000000be98300000,0x000000be98400000)]

Stack: [0x000000be98300000,0x000000be98400000]
Native frames: (J=compiled Java code, j=interpreted, Vv=VM code, C=native code)
V  [jvm.dll+0x677a5a]
V  [jvm.dll+0x7d8b2d]
V  [jvm.dll+0x7da48e]
V  [jvm.dll+0x7daaf3]
V  [jvm.dll+0x2455ff]
V  [jvm.dll+0x7d483b]
V  [jvm.dll+0x61dc06]
V  [jvm.dll+0x1bfa87]
V  [jvm.dll+0x620570]
V  [jvm.dll+0x61e5c6]
V  [jvm.dll+0x65a13b]
V  [jvm.dll+0x369ee5]
V  [jvm.dll+0x369e05]
V  [jvm.dll+0x37dc07]
C  0x000002330ed2b8ea

Java frames: (J=compiled Java code, j=interpreted, Vv=VM code)
j  java.lang.Module.defineModules(Ljava/lang/module/Configuration;Ljava/util/function/Function;Ljava/lang/ModuleLayer;)Ljava/util/Map;+62 java.base@17.0.10
j  java.lang.ModuleLayer.<init>(Ljava/lang/module/Configuration;Ljava/util/List;Ljava/util/function/Function;)V+34 java.base@17.0.10
j  java.lang.ModuleLayer.defineModules(Ljava/lang/module/Configuration;Ljava/util/List;Ljava/util/function/Function;)Ljava/lang/ModuleLayer$Controller;+36 java.base@17.0.10
j  java.lang.ModuleLayer.defineModules(Ljava/lang/module/Configuration;Ljava/util/function/Function;)Ljava/lang/ModuleLayer;+6 java.base@17.0.10
j  jdk.internal.module.ModuleBootstrap.boot2()Ljava/lang/ModuleLayer;+1207 java.base@17.0.10
j  jdk.internal.module.ModuleBootstrap.boot()Ljava/lang/ModuleLayer;+64 java.base@17.0.10
j  java.lang.System.initPhase2(ZZ)I+0 java.base@17.0.10
v  ~StubRoutines::call_stub

---------------  P R O C E S S  ---------------

Threads class SMR info:
_java_thread_list=0x000002331b9446f0, length=10, elements={
0x000002337f0c9540, 0x000002331b8fe040, 0x000002331b9025c0, 0x000002331b936ff0,
0x000002331b9378c0, 0x000002331b939350, 0x000002331b9400e0, 0x000002331b9410e0,
0x000002331b95cdd0, 0x000002331baf2b80
}

Java Threads: ( => current thread )
=>0x000002337f0c9540 JavaThread "main" [_thread_in_vm, id=13832, stack(0x000000be98300000,0x000000be98400000)]
  0x000002331b8fe040 JavaThread "Reference Handler" daemon [_thread_blocked, id=14292, stack(0x000000be98a00000,0x000000be98b00000)]
  0x000002331b9025c0 JavaThread "Finalizer" daemon [_thread_blocked, id=20252, stack(0x000000be98b00000,0x000000be98c00000)]
  0x000002331b936ff0 JavaThread "Signal Dispatcher" daemon [_thread_blocked, id=5212, stack(0x000000be98c00000,0x000000be98d00000)]
  0x000002331b9378c0 JavaThread "Attach Listener" daemon [_thread_blocked, id=18580, stack(0x000000be98d00000,0x000000be98e00000)]
  0x000002331b939350 JavaThread "Service Thread" daemon [_thread_blocked, id=14128, stack(0x000000be98e00000,0x000000be98f00000)]
  0x000002331b9400e0 JavaThread "Monitor Deflation Thread" daemon [_thread_blocked, id=10236, stack(0x000000be98f00000,0x000000be99000000)]
  0x000002331b9410e0 JavaThread "C2 CompilerThread0" daemon [_thread_blocked, id=22200, stack(0x000000be99000000,0x000000be99100000)]
  0x000002331b95cdd0 JavaThread "C1 CompilerThread0" daemon [_thread_in_vm, id=14332, stack(0x000000be99100000,0x000000be99200000)]
  0x000002331baf2b80 JavaThread "Sweeper thread" daemon [_thread_blocked, id=16880, stack(0x000000be99200000,0x000000be99300000)]

Other Threads:
  0x000002331b8abc70 VMThread "VM Thread" [stack: 0x000000be98900000,0x000000be98a00000] [id=22076]
  0x000002337f1157c0 GCTaskThread "GC Thread#0" [stack: 0x000000be98400000,0x000000be98500000] [id=14972]
  0x000002337f124440 ConcurrentGCThread "G1 Main Marker" [stack: 0x000000be98500000,0x000000be98600000] [id=19800]
  0x000002337f124d60 ConcurrentGCThread "G1 Conc#0" [stack: 0x000000be98600000,0x000000be98700000] [id=18940]
  0x000002337f187a40 ConcurrentGCThread "G1 Refine#0" [stack: 0x000000be98700000,0x000000be98800000] [id=11216]
  0x000002337f188380 ConcurrentGCThread "G1 Service" [stack: 0x000000be98800000,0x000000be98900000] [id=18236]

Threads with active compile tasks:
C1 CompilerThread0      215   43       3       java.util.concurrent.ConcurrentHashMap::addCount (280 bytes)

VM state: not at safepoint (normal execution)

VM Mutex/Monitor currently owned by a thread:  ([mutex/lock_event])
[0x000002337f0c24c0] Metaspace_lock - owner thread: 0x000002337f0c9540
[0x000002337f0c5400] MultiArray_lock - owner thread: 0x000002337f0c9540
[0x000002337f0c4290] MethodData_lock - owner thread: 0x000002331b95cdd0

Heap address: 0x00000000a1000000, size: 1520 MB, Compressed Oops mode: 32-bit

CDS archive(s) not mapped
Compressed class space mapped at: 0x0000000100000000-0x0000000140000000, reserved size: 1073741824
Narrow klass base: 0x0000000000000000, Narrow klass shift: 3, Narrow klass range: 0x140000000

GC Precious Log:
 CPUs: 4 total, 4 available
 Memory: 6074M
 Large Page Support: Disabled
 NUMA Support: Disabled
 Compressed Oops: Enabled (32-bit)
 Heap Region Size: 1M
 Heap Min Capacity: 8M
 Heap Initial Capacity: 96M
 Heap Max Capacity: 1520M
 Pre-touch: Disabled
 Parallel Workers: 4
 Concurrent Workers: 1
 Concurrent Refinement Workers: 4
 Periodic GC: Disabled

Heap:
 garbage-first heap   total 98304K, used 0K [0x00000000a1000000, 0x0000000100000000)
  region size 1024K, 1 young (1024K), 0 survivors (0K)
 Metaspace       used 3343K, committed 3392K, reserved 1114112K
  class space    used 255K, committed 256K, reserved 1048576K

Heap Regions: E=young(eden), S=young(survivor), O=old, HS=humongous(starts), HC=humongous(continues), CS=collection set, F=free, OA=open archive, CA=closed archive, TAMS=top-at-mark-start (previous, next)
|   0|0x00000000a1000000, 0x00000000a1000000, 0x00000000a1100000|  0%| F|  |TAMS 0x00000000a1000000, 0x00000000a1000000| Untracked 
|   1|0x00000000a1100000, 0x00000000a1100000, 0x00000000a1200000|  0%| F|  |TAMS 0x00000000a1100000, 0x00000000a1100000| Untracked 
|   2|0x00000000a1200000, 0x00000000a1200000, 0x00000000a1300000|  0%| F|  |TAMS 0x00000000a1200000, 0x00000000a1200000| Untracked 
|   3|0x00000000a1300000, 0x00000000a1300000, 0x00000000a1400000|  0%| F|  |TAMS 0x00000000a1300000, 0x00000000a1300000| Untracked 
|   4|0x00000000a1400000, 0x00000000a1400000, 0x00000000a1500000|  0%| F|  |TAMS 0x00000000a1400000, 0x00000000a1400000| Untracked 
|   5|0x00000000a1500000, 0x00000000a1500000, 0x00000000a1600000|  0%| F|  |TAMS 0x00000000a1500000, 0x00000000a1500000| Untracked 
|   6|0x00000000a1600000, 0x00000000a1600000, 0x00000000a1700000|  0%| F|  |TAMS 0x00000000a1600000, 0x00000000a1600000| Untracked 
|   7|0x00000000a1700000, 0x00000000a1700000, 0x00000000a1800000|  0%| F|  |TAMS 0x00000000a1700000, 0x00000000a1700000| Untracked 
|   8|0x00000000a1800000, 0x00000000a1800000, 0x00000000a1900000|  0%| F|  |TAMS 0x00000000a1800000, 0x00000000a1800000| Untracked 
|   9|0x00000000a1900000, 0x00000000a1900000, 0x00000000a1a00000|  0%| F|  |TAMS 0x00000000a1900000, 0x00000000a1900000| Untracked 
|  10|0x00000000a1a00000, 0x00000000a1a00000, 0x00000000a1b00000|  0%| F|  |TAMS 0x00000000a1a00000, 0x00000000a1a00000| Untracked 
|  11|0x00000000a1b00000, 0x00000000a1b00000, 0x00000000a1c00000|  0%| F|  |TAMS 0x00000000a1b00000, 0x00000000a1b00000| Untracked 
|  12|0x00000000a1c00000, 0x00000000a1c00000, 0x00000000a1d00000|  0%| F|  |TAMS 0x00000000a1c00000, 0x00000000a1c00000| Untracked 
|  13|0x00000000a1d00000, 0x00000000a1d00000, 0x00000000a1e00000|  0%| F|  |TAMS 0x00000000a1d00000, 0x00000000a1d00000| Untracked 
|  14|0x00000000a1e00000, 0x00000000a1e00000, 0x00000000a1f00000|  0%| F|  |TAMS 0x00000000a1e00000, 0x00000000a1e00000| Untracked 
|  15|0x00000000a1f00000, 0x00000000a1f00000, 0x00000000a2000000|  0%| F|  |TAMS 0x00000000a1f00000, 0x00000000a1f00000| Untracked 
|  16|0x00000000a2000000, 0x00000000a2000000, 0x00000000a2100000|  0%| F|  |TAMS 0x00000000a2000000, 0x00000000a2000000| Untracked 
|  17|0x00000000a2100000, 0x00000000a2100000, 0x00000000a2200000|  0%| F|  |TAMS 0x00000000a2100000, 0x00000000a2100000| Untracked 
|  18|0x00000000a2200000, 0x00000000a2200000, 0x00000000a2300000|  0%| F|  |TAMS 0x00000000a2200000, 0x00000000a2200000| Untracked 
|  19|0x00000000a2300000, 0x00000000a2300000, 0x00000000a2400000|  0%| F|  |TAMS 0x00000000a2300000, 0x00000000a2300000| Untracked 
|  20|0x00000000a2400000, 0x00000000a2400000, 0x00000000a2500000|  0%| F|  |TAMS 0x00000000a2400000, 0x00000000a2400000| Untracked 
|  21|0x00000000a2500000, 0x00000000a2500000, 0x00000000a2600000|  0%| F|  |TAMS 0x00000000a2500000, 0x00000000a2500000| Untracked 
|  22|0x00000000a2600000, 0x00000000a2600000, 0x00000000a2700000|  0%| F|  |TAMS 0x00000000a2600000, 0x00000000a2600000| Untracked 
|  23|0x00000000a2700000, 0x00000000a2700000, 0x00000000a2800000|  0%| F|  |TAMS 0x00000000a2700000, 0x00000000a2700000| Untracked 
|  24|0x00000000a2800000, 0x00000000a2800000, 0x00000000a2900000|  0%| F|  |TAMS 0x00000000a2800000, 0x00000000a2800000| Untracked 
|  25|0x00000000a2900000, 0x00000000a2900000, 0x00000000a2a00000|  0%| F|  |TAMS 0x00000000a2900000, 0x00000000a2900000| Untracked 
|  26|0x00000000a2a00000, 0x00000000a2a00000, 0x00000000a2b00000|  0%| F|  |TAMS 0x00000000a2a00000, 0x00000000a2a00000| Untracked 
|  27|0x00000000a2b00000, 0x00000000a2b00000, 0x00000000a2c00000|  0%| F|  |TAMS 0x00000000a2b00000, 0x00000000a2b00000| Untracked 
|  28|0x00000000a2c00000, 0x00000000a2c00000, 0x00000000a2d00000|  0%| F|  |TAMS 0x00000000a2c00000, 0x00000000a2c00000| Untracked 
|  29|0x00000000a2d00000, 0x00000000a2d00000, 0x00000000a2e00000|  0%| F|  |TAMS 0x00000000a2d00000, 0x00000000a2d00000| Untracked 
|  30|0x00000000a2e00000, 0x00000000a2e00000, 0x00000000a2f00000|  0%| F|  |TAMS 0x00000000a2e00000, 0x00000000a2e00000| Untracked 
|  31|0x00000000a2f00000, 0x00000000a2f00000, 0x00000000a3000000|  0%| F|  |TAMS 0x00000000a2f00000, 0x00000000a2f00000| Untracked 
|  32|0x00000000a3000000, 0x00000000a3000000, 0x00000000a3100000|  0%| F|  |TAMS 0x00000000a3000000, 0x00000000a3000000| Untracked 
|  33|0x00000000a3100000, 0x00000000a3100000, 0x00000000a3200000|  0%| F|  |TAMS 0x00000000a3100000, 0x00000000a3100000| Untracked 
|  34|0x00000000a3200000, 0x00000000a3200000, 0x00000000a3300000|  0%| F|  |TAMS 0x00000000a3200000, 0x00000000a3200000| Untracked 
|  35|0x00000000a3300000, 0x00000000a3300000, 0x00000000a3400000|  0%| F|  |TAMS 0x00000000a3300000, 0x00000000a3300000| Untracked 
|  36|0x00000000a3400000, 0x00000000a3400000, 0x00000000a3500000|  0%| F|  |TAMS 0x00000000a3400000, 0x00000000a3400000| Untracked 
|  37|0x00000000a3500000, 0x00000000a3500000, 0x00000000a3600000|  0%| F|  |TAMS 0x00000000a3500000, 0x00000000a3500000| Untracked 
|  38|0x00000000a3600000, 0x00000000a3600000, 0x00000000a3700000|  0%| F|  |TAMS 0x00000000a3600000, 0x00000000a3600000| Untracked 
|  39|0x00000000a3700000, 0x00000000a3700000, 0x00000000a3800000|  0%| F|  |TAMS 0x00000000a3700000, 0x00000000a3700000| Untracked 
|  40|0x00000000a3800000, 0x00000000a3800000, 0x00000000a3900000|  0%| F|  |TAMS 0x00000000a3800000, 0x00000000a3800000| Untracked 
|  41|0x00000000a3900000, 0x00000000a3900000, 0x00000000a3a00000|  0%| F|  |TAMS 0x00000000a3900000, 0x00000000a3900000| Untracked 
|  42|0x00000000a3a00000, 0x00000000a3a00000, 0x00000000a3b00000|  0%| F|  |TAMS 0x00000000a3a00000, 0x00000000a3a00000| Untracked 
|  43|0x00000000a3b00000, 0x00000000a3b00000, 0x00000000a3c00000|  0%| F|  |TAMS 0x00000000a3b00000, 0x00000000a3b00000| Untracked 
|  44|0x00000000a3c00000, 0x00000000a3c00000, 0x00000000a3d00000|  0%| F|  |TAMS 0x00000000a3c00000, 0x00000000a3c00000| Untracked 
|  45|0x00000000a3d00000, 0x00000000a3d00000, 0x00000000a3e00000|  0%| F|  |TAMS 0x00000000a3d00000, 0x00000000a3d00000| Untracked 
|  46|0x00000000a3e00000, 0x00000000a3e00000, 0x00000000a3f00000|  0%| F|  |TAMS 0x00000000a3e00000, 0x00000000a3e00000| Untracked 
|  47|0x00000000a3f00000, 0x00000000a3f00000, 0x00000000a4000000|  0%| F|  |TAMS 0x00000000a3f00000, 0x00000000a3f00000| Untracked 
|  48|0x00000000a4000000, 0x00000000a4000000, 0x00000000a4100000|  0%| F|  |TAMS 0x00000000a4000000, 0x00000000a4000000| Untracked 
|  49|0x00000000a4100000, 0x00000000a4100000, 0x00000000a4200000|  0%| F|  |TAMS 0x00000000a4100000, 0x00000000a4100000| Untracked 
|  50|0x00000000a4200000, 0x00000000a4200000, 0x00000000a4300000|  0%| F|  |TAMS 0x00000000a4200000, 0x00000000a4200000| Untracked 
|  51|0x00000000a4300000, 0x00000000a4300000, 0x00000000a4400000|  0%| F|  |TAMS 0x00000000a4300000, 0x00000000a4300000| Untracked 
|  52|0x00000000a4400000, 0x00000000a4400000, 0x00000000a4500000|  0%| F|  |TAMS 0x00000000a4400000, 0x00000000a4400000| Untracked 
|  53|0x00000000a4500000, 0x00000000a4500000, 0x00000000a4600000|  0%| F|  |TAMS 0x00000000a4500000, 0x00000000a4500000| Untracked 
|  54|0x00000000a4600000, 0x00000000a4600000, 0x00000000a4700000|  0%| F|  |TAMS 0x00000000a4600000, 0x00000000a4600000| Untracked 
|  55|0x00000000a4700000, 0x00000000a4700000, 0x00000000a4800000|  0%| F|  |TAMS 0x00000000a4700000, 0x00000000a4700000| Untracked 
|  56|0x00000000a4800000, 0x00000000a4800000, 0x00000000a4900000|  0%| F|  |TAMS 0x00000000a4800000, 0x00000000a4800000| Untracked 
|  57|0x00000000a4900000, 0x00000000a4900000, 0x00000000a4a00000|  0%| F|  |TAMS 0x00000000a4900000, 0x00000000a4900000| Untracked 
|  58|0x00000000a4a00000, 0x00000000a4a00000, 0x00000000a4b00000|  0%| F|  |TAMS 0x00000000a4a00000, 0x00000000a4a00000| Untracked 
|  59|0x00000000a4b00000, 0x00000000a4b00000, 0x00000000a4c00000|  0%| F|  |TAMS 0x00000000a4b00000, 0x00000000a4b00000| Untracked 
|  60|0x00000000a4c00000, 0x00000000a4c00000, 0x00000000a4d00000|  0%| F|  |TAMS 0x00000000a4c00000, 0x00000000a4c00000| Untracked 
|  61|0x00000000a4d00000, 0x00000000a4d00000, 0x00000000a4e00000|  0%| F|  |TAMS 0x00000000a4d00000, 0x00000000a4d00000| Untracked 
|  62|0x00000000a4e00000, 0x00000000a4e00000, 0x00000000a4f00000|  0%| F|  |TAMS 0x00000000a4e00000, 0x00000000a4e00000| Untracked 
|  63|0x00000000a4f00000, 0x00000000a4f00000, 0x00000000a5000000|  0%| F|  |TAMS 0x00000000a4f00000, 0x00000000a4f00000| Untracked 
|  64|0x00000000a5000000, 0x00000000a5000000, 0x00000000a5100000|  0%| F|  |TAMS 0x00000000a5000000, 0x00000000a5000000| Untracked 
|  65|0x00000000a5100000, 0x00000000a5100000, 0x00000000a5200000|  0%| F|  |TAMS 0x00000000a5100000, 0x00000000a5100000| Untracked 
|  66|0x00000000a5200000, 0x00000000a5200000, 0x00000000a5300000|  0%| F|  |TAMS 0x00000000a5200000, 0x00000000a5200000| Untracked 
|  67|0x00000000a5300000, 0x00000000a5300000, 0x00000000a5400000|  0%| F|  |TAMS 0x00000000a5300000, 0x00000000a5300000| Untracked 
|  68|0x00000000a5400000, 0x00000000a5400000, 0x00000000a5500000|  0%| F|  |TAMS 0x00000000a5400000, 0x00000000a5400000| Untracked 
|  69|0x00000000a5500000, 0x00000000a5500000, 0x00000000a5600000|  0%| F|  |TAMS 0x00000000a5500000, 0x00000000a5500000| Untracked 
|  70|0x00000000a5600000, 0x00000000a5600000, 0x00000000a5700000|  0%| F|  |TAMS 0x00000000a5600000, 0x00000000a5600000| Untracked 
|  71|0x00000000a5700000, 0x00000000a5700000, 0x00000000a5800000|  0%| F|  |TAMS 0x00000000a5700000, 0x00000000a5700000| Untracked 
|  72|0x00000000a5800000, 0x00000000a5800000, 0x00000000a5900000|  0%| F|  |TAMS 0x00000000a5800000, 0x00000000a5800000| Untracked 
|  73|0x00000000a5900000, 0x00000000a5900000, 0x00000000a5a00000|  0%| F|  |TAMS 0x00000000a5900000, 0x00000000a5900000| Untracked 
|  74|0x00000000a5a00000, 0x00000000a5a00000, 0x00000000a5b00000|  0%| F|  |TAMS 0x00000000a5a00000, 0x00000000a5a00000| Untracked 
|  75|0x00000000a5b00000, 0x00000000a5b00000, 0x00000000a5c00000|  0%| F|  |TAMS 0x00000000a5b00000, 0x00000000a5b00000| Untracked 
|  76|0x00000000a5c00000, 0x00000000a5c00000, 0x00000000a5d00000|  0%| F|  |TAMS 0x00000000a5c00000, 0x00000000a5c00000| Untracked 
|  77|0x00000000a5d00000, 0x00000000a5d00000, 0x00000000a5e00000|  0%| F|  |TAMS 0x00000000a5d00000, 0x00000000a5d00000| Untracked 
|  78|0x00000000a5e00000, 0x00000000a5e00000, 0x00000000a5f00000|  0%| F|  |TAMS 0x00000000a5e00000, 0x00000000a5e00000| Untracked 
|  79|0x00000000a5f00000, 0x00000000a5f00000, 0x00000000a6000000|  0%| F|  |TAMS 0x00000000a5f00000, 0x00000000a5f00000| Untracked 
|  80|0x00000000a6000000, 0x00000000a6000000, 0x00000000a6100000|  0%| F|  |TAMS 0x00000000a6000000, 0x00000000a6000000| Untracked 
|  81|0x00000000a6100000, 0x00000000a6100000, 0x00000000a6200000|  0%| F|  |TAMS 0x00000000a6100000, 0x00000000a6100000| Untracked 
|  82|0x00000000a6200000, 0x00000000a6200000, 0x00000000a6300000|  0%| F|  |TAMS 0x00000000a6200000, 0x00000000a6200000| Untracked 
|  83|0x00000000a6300000, 0x00000000a6300000, 0x00000000a6400000|  0%| F|  |TAMS 0x00000000a6300000, 0x00000000a6300000| Untracked 
|  84|0x00000000a6400000, 0x00000000a6400000, 0x00000000a6500000|  0%| F|  |TAMS 0x00000000a6400000, 0x00000000a6400000| Untracked 
|  85|0x00000000a6500000, 0x00000000a6500000, 0x00000000a6600000|  0%| F|  |TAMS 0x00000000a6500000, 0x00000000a6500000| Untracked 
|  86|0x00000000a6600000, 0x00000000a6600000, 0x00000000a6700000|  0%| F|  |TAMS 0x00000000a6600000, 0x00000000a6600000| Untracked 
|  87|0x00000000a6700000, 0x00000000a6700000, 0x00000000a6800000|  0%| F|  |TAMS 0x00000000a6700000, 0x00000000a6700000| Untracked 
|  88|0x00000000a6800000, 0x00000000a6800000, 0x00000000a6900000|  0%| F|  |TAMS 0x00000000a6800000, 0x00000000a6800000| Untracked 
|  89|0x00000000a6900000, 0x00000000a6900000, 0x00000000a6a00000|  0%| F|  |TAMS 0x00000000a6900000, 0x00000000a6900000| Untracked 
|  90|0x00000000a6a00000, 0x00000000a6a00000, 0x00000000a6b00000|  0%| F|  |TAMS 0x00000000a6a00000, 0x00000000a6a00000| Untracked 
|  91|0x00000000a6b00000, 0x00000000a6b00000, 0x00000000a6c00000|  0%| F|  |TAMS 0x00000000a6b00000, 0x00000000a6b00000| Untracked 
|  92|0x00000000a6c00000, 0x00000000a6c00000, 0x00000000a6d00000|  0%| F|  |TAMS 0x00000000a6c00000, 0x00000000a6c00000| Untracked 
|  93|0x00000000a6d00000, 0x00000000a6d00000, 0x00000000a6e00000|  0%| F|  |TAMS 0x00000000a6d00000, 0x00000000a6d00000| Untracked 
|  94|0x00000000a6e00000, 0x00000000a6e00000, 0x00000000a6f00000|  0%| F|  |TAMS 0x00000000a6e00000, 0x00000000a6e00000| Untracked 
|  95|0x00000000a6f00000, 0x00000000a7000000, 0x00000000a7000000|100%| E|  |TAMS 0x00000000a6f00000, 0x00000000a6f00000| Complete 

Card table byte_map: [0x000002337f4a0000,0x000002337f7a0000] _byte_map_base: 0x000002337ef98000

Marking Bits (Prev, Next): (CMBitMap*) 0x000002337f117d10, (CMBitMap*) 0x000002337f117d50
 Prev Bits: [0x00000233167e0000, 0x0000023317fa0000)
 Next Bits: [0x0000023317fa0000, 0x0000023319760000)

Polling page: 0x000002337d0e0000

Metaspace:

Usage:
  Non-class:      3.02 MB used.
      Class:    255.78 KB used.
       Both:      3.27 MB used.

Virtual space:
  Non-class space:       64.00 MB reserved,       3.06 MB (  5%) committed,  1 nodes.
      Class space:        1.00 GB reserved,     256.00 KB ( <1%) committed,  1 nodes.
             Both:        1.06 GB reserved,       3.31 MB ( <1%) committed. 

Chunk freelists:
   Non-Class:  12.00 MB
       Class:  15.62 MB
        Both:  27.62 MB

MaxMetaspaceSize: unlimited
CompressedClassSpaceSize: 1.00 GB
Initial GC threshold: 21.00 MB
Current GC threshold: 21.00 MB
CDS: off
MetaspaceReclaimPolicy: balanced
 - commit_granule_bytes: 65536.
 - commit_granule_words: 8192.
 - virtual_space_node_default_size: 8388608.
 - enlarge_chunks_in_place: 1.
 - new_chunks_are_fully_committed: 0.
 - uncommit_free_chunks: 1.
 - use_allocation_guard: 0.
 - handle_deallocations: 1.


Internal statistics:

num_allocs_failed_limit: 0.
num_arena_births: 2.
num_arena_deaths: 0.
num_vsnodes_births: 2.
num_vsnodes_deaths: 0.
num_space_committed: 53.
num_space_uncommitted: 0.
num_chunks_returned_to_freelist: 0.
num_chunks_taken_from_freelist: 3.
num_chunk_merges: 0.
num_chunk_splits: 2.
num_chunks_enlarged: 0.
num_inconsistent_stats: 0.

CodeHeap 'non-profiled nmethods': size=120000Kb used=7Kb max_used=7Kb free=119992Kb
 bounds [0x000002330f2b0000, 0x000002330f520000, 0x00000233167e0000]
CodeHeap 'profiled nmethods': size=120000Kb used=57Kb max_used=57Kb free=119942Kb
 bounds [0x00000233077e0000, 0x0000023307a50000, 0x000002330ed10000]
CodeHeap 'non-nmethods': size=5760Kb used=1032Kb max_used=1033Kb free=4727Kb
 bounds [0x000002330ed10000, 0x000002330ef80000, 0x000002330f2b0000]
 total_blobs=330 nmethods=45 adapters=198
 compilation: enabled
              stopped_count=0, restarted_count=0
 full_count=0

Compilation events (20 events):
Event: 0.173 Thread 0x000002331b95cdd0 nmethod 33 0x00000233077e8b10 code [0x00000233077e8d00, 0x00000233077e9258]
Event: 0.173 Thread 0x000002331b95cdd0   34       3       java.util.ImmutableCollections$SetN$SetNIterator::next (90 bytes)
Event: 0.174 Thread 0x000002331b95cdd0 nmethod 34 0x00000233077e9490 code [0x00000233077e9640, 0x00000233077e9948]
Event: 0.174 Thread 0x000002331b95cdd0   35       3       java.util.ImmutableCollections$MapN::get (35 bytes)
Event: 0.174 Thread 0x000002331b95cdd0 nmethod 35 0x00000233077e9a90 code [0x00000233077e9c60, 0x00000233077ea018]
Event: 0.174 Thread 0x000002331b95cdd0   36       3       java.util.ImmutableCollections$SetN$SetNIterator::hasNext (13 bytes)
Event: 0.174 Thread 0x000002331b95cdd0 nmethod 36 0x00000233077ea190 code [0x00000233077ea320, 0x00000233077ea498]
Event: 0.174 Thread 0x000002331b95cdd0   38       3       jdk.internal.module.ModuleReferenceImpl::hashCode (56 bytes)
Event: 0.174 Thread 0x000002331b95cdd0 nmethod 38 0x00000233077ea510 code [0x00000233077ea700, 0x00000233077eab68]
Event: 0.175 Thread 0x000002331b95cdd0   39       3       java.util.HashMap::hash (20 bytes)
Event: 0.175 Thread 0x000002331b95cdd0 nmethod 39 0x00000233077ead10 code [0x00000233077eaec0, 0x00000233077eb0c8]
Event: 0.175 Thread 0x000002331b95cdd0   40   !   3       java.util.concurrent.ConcurrentHashMap::putVal (432 bytes)
Event: 0.177 Thread 0x000002331b95cdd0 nmethod 40 0x00000233077eb190 code [0x00000233077eb500, 0x00000233077ecfe8]
Event: 0.177 Thread 0x000002331b95cdd0   41       3       java.util.concurrent.ConcurrentHashMap$Node::<init> (20 bytes)
Event: 0.177 Thread 0x000002331b95cdd0 nmethod 41 0x00000233077ed990 code [0x00000233077edb40, 0x00000233077edd78]
Event: 0.177 Thread 0x000002331b95cdd0   42       3       java.util.concurrent.ConcurrentHashMap::putIfAbsent (8 bytes)
Event: 0.178 Thread 0x000002331b95cdd0 nmethod 42 0x00000233077ede10 code [0x00000233077edfa0, 0x00000233077ee0e8]
Event: 0.178 Thread 0x000002331b95cdd0   46       3       java.util.concurrent.ConcurrentHashMap::casTabAt (21 bytes)
Event: 0.178 Thread 0x000002331b95cdd0 nmethod 46 0x00000233077ee190 code [0x00000233077ee320, 0x00000233077ee498]
Event: 0.178 Thread 0x000002331b95cdd0   43       3       java.util.concurrent.ConcurrentHashMap::addCount (280 bytes)

GC Heap History (0 events):
No events

Deoptimization events (0 events):
No events

Classes unloaded (0 events):
No events

Classes redefined (0 events):
No events

Internal exceptions (0 events):
No events

VM Operations (0 events):
No events

Events (20 events):
Event: 0.172 loading class java/util/AbstractMap$1
Event: 0.172 loading class java/util/AbstractMap$1 done
Event: 0.172 loading class java/util/AbstractMap$1$1
Event: 0.172 loading class java/util/AbstractMap$1$1 done
Event: 0.173 loading class java/util/ImmutableCollections$Set12$1
Event: 0.173 loading class java/util/ImmutableCollections$Set12$1 done
Event: 0.174 loading class jdk/internal/module/ModuleLoaderMap
Event: 0.174 loading class jdk/internal/module/ModuleLoaderMap done
Event: 0.174 loading class jdk/internal/module/ModuleLoaderMap$Mapper
Event: 0.174 loading class java/util/function/Function
Event: 0.174 loading class java/util/function/Function done
Event: 0.174 loading class jdk/internal/module/ModuleLoaderMap$Mapper done
Event: 0.174 loading class jdk/internal/module/ModuleLoaderMap$Modules
Event: 0.175 loading class jdk/internal/module/ModuleLoaderMap$Modules done
Event: 0.177 loading class java/lang/ModuleLayer
Event: 0.177 loading class java/lang/ModuleLayer done
Event: 0.177 loading class java/util/ImmutableCollections$ListItr
Event: 0.178 loading class java/util/ListIterator
Event: 0.178 loading class java/util/ListIterator done
Event: 0.178 loading class java/util/ImmutableCollections$ListItr done


Dynamic libraries:
0x00007ff7bde00000 - 0x00007ff7bde10000 	C:\Program Files\Java\jdk-17\bin\javaw.exe
0x00007ff960970000 - 0x00007ff960b68000 	C:\Windows\SYSTEM32\ntdll.dll
0x00007ff9235b0000 - 0x00007ff9235c9000 	C:\Program Files\Avast Software\Avast\aswhook.dll
0x00007ff95ee50000 - 0x00007ff95ef0d000 	C:\Windows\System32\KERNEL32.DLL
0x00007ff95e380000 - 0x00007ff95e676000 	C:\Windows\System32\KERNELBASE.dll
0x00007ff95e080000 - 0x00007ff95e180000 	C:\Windows\System32\ucrtbase.dll
0x00007ff945a90000 - 0x00007ff945aa9000 	C:\Program Files\Java\jdk-17\bin\jli.dll
0x00007ff960880000 - 0x00007ff960930000 	C:\Windows\System32\ADVAPI32.dll
0x00007ff960440000 - 0x00007ff9604de000 	C:\Windows\System32\msvcrt.dll
0x00007ff95f910000 - 0x00007ff95f9b0000 	C:\Windows\System32\sechost.dll
0x00007ff960570000 - 0x00007ff960693000 	C:\Windows\System32\RPCRT4.dll
0x00007ff95e020000 - 0x00007ff95e047000 	C:\Windows\System32\bcrypt.dll
0x00007ff95e9a0000 - 0x00007ff95eb3f000 	C:\Windows\System32\USER32.dll
0x00007ff95e050000 - 0x00007ff95e072000 	C:\Windows\System32\win32u.dll
0x00007ff95eb40000 - 0x00007ff95eb6b000 	C:\Windows\System32\GDI32.dll
0x00007ff95e260000 - 0x00007ff95e377000 	C:\Windows\System32\gdi32full.dll
0x00007ff95e6f0000 - 0x00007ff95e78d000 	C:\Windows\System32\msvcp_win.dll
0x00007ff946710000 - 0x00007ff94672b000 	C:\Program Files\Java\jdk-17\bin\VCRUNTIME140.dll
0x00007ff937e30000 - 0x00007ff9380ca000 	C:\Windows\WinSxS\amd64_microsoft.windows.common-controls_6595b64144ccf1df_6.0.19041.3636_none_60b6a03d71f818d5\COMCTL32.dll
0x00007ff958540000 - 0x00007ff95854a000 	C:\Windows\SYSTEM32\VERSION.dll
0x00007ff95fc30000 - 0x00007ff95fc62000 	C:\Windows\System32\IMM32.DLL
0x00007ff959b10000 - 0x00007ff959b1c000 	C:\Program Files\Java\jdk-17\bin\vcruntime140_1.dll
0x00007ff92e560000 - 0x00007ff92e5ee000 	C:\Program Files\Java\jdk-17\bin\msvcp140.dll
0x00007ff9048c0000 - 0x00007ff90549f000 	C:\Program Files\Java\jdk-17\bin\server\jvm.dll
0x00007ff95f750000 - 0x00007ff95f758000 	C:\Windows\System32\PSAPI.DLL
0x00007ff94e6b0000 - 0x00007ff94e6b9000 	C:\Windows\SYSTEM32\WSOCK32.dll
0x00007ff95fbc0000 - 0x00007ff95fc2b000 	C:\Windows\System32\WS2_32.dll
0x00007ff955cf0000 - 0x00007ff955d17000 	C:\Windows\SYSTEM32\WINMM.dll
0x00007ff95bed0000 - 0x00007ff95bee2000 	C:\Windows\SYSTEM32\kernel.appcore.dll
0x00007ff959a40000 - 0x00007ff959a4a000 	C:\Program Files\Java\jdk-17\bin\jimage.dll
0x00007ff956ce0000 - 0x00007ff956ec4000 	C:\Windows\SYSTEM32\DBGHELP.DLL
0x00007ff953190000 - 0x00007ff9531c4000 	C:\Windows\SYSTEM32\dbgcore.DLL
0x00007ff95e1d0000 - 0x00007ff95e252000 	C:\Windows\System32\bcryptPrimitives.dll
0x00007ff944a20000 - 0x00007ff944a45000 	C:\Program Files\Java\jdk-17\bin\java.dll
0x00007ff927bd0000 - 0x00007ff927ca7000 	C:\Program Files\Java\jdk-17\bin\jsvml.dll
0x00007ff95ef20000 - 0x00007ff95f68b000 	C:\Windows\System32\SHELL32.dll
0x00007ff95c0d0000 - 0x00007ff95c86e000 	C:\Windows\SYSTEM32\windows.storage.dll
0x00007ff95fc70000 - 0x00007ff95ffc3000 	C:\Windows\System32\combase.dll
0x00007ff95d980000 - 0x00007ff95d9ae000 	C:\Windows\SYSTEM32\Wldp.dll
0x00007ff9607b0000 - 0x00007ff96087d000 	C:\Windows\System32\OLEAUT32.dll
0x00007ff95ecf0000 - 0x00007ff95ed9d000 	C:\Windows\System32\SHCORE.dll
0x00007ff95f6f0000 - 0x00007ff95f745000 	C:\Windows\System32\shlwapi.dll
0x00007ff95df50000 - 0x00007ff95df73000 	C:\Windows\SYSTEM32\profapi.dll

dbghelp: loaded successfully - version: 4.0.5 - missing functions: none
symbol engine: initialized successfully - sym options: 0x614 - pdb path: .;C:\Program Files\Java\jdk-17\bin;C:\Windows\SYSTEM32;C:\Program Files\Avast Software\Avast;C:\Windows\WinSxS\amd64_microsoft.windows.common-controls_6595b64144ccf1df_6.0.19041.3636_none_60b6a03d71f818d5;C:\Program Files\Java\jdk-17\bin\server

VM Arguments:
jvm_args: -Dfile.encoding=UTF-8 -Dstdout.encoding=UTF-8 -Dstderr.encoding=UTF-8 -XX:+ShowCodeDetailsInExceptionMessages 
java_command: edu.ar.unju.fi.ejercicio05.main.Main
java_class_path (initial): C:\Users\PC\git\trabajo_practico_2\bin
Launcher Type: SUN_STANDARD

[Global flags]
     intx CICompilerCount                          = 3                                         {product} {ergonomic}
     uint ConcGCThreads                            = 1                                         {product} {ergonomic}
     uint G1ConcRefinementThreads                  = 4                                         {product} {ergonomic}
   size_t G1HeapRegionSize                         = 1048576                                   {product} {ergonomic}
    uintx GCDrainStackTargetSize                   = 64                                        {product} {ergonomic}
   size_t InitialHeapSize                          = 100663296                                 {product} {ergonomic}
   size_t MarkStackSize                            = 4194304                                   {product} {ergonomic}
   size_t MaxHeapSize                              = 1593835520                                {product} {ergonomic}
   size_t MaxNewSize                               = 956301312                                 {product} {ergonomic}
   size_t MinHeapDeltaBytes                        = 1048576                                   {product} {ergonomic}
   size_t MinHeapSize                              = 8388608                                   {product} {ergonomic}
    uintx NonNMethodCodeHeapSize                   = 5832780                                {pd product} {ergonomic}
    uintx NonProfiledCodeHeapSize                  = 122912730                              {pd product} {ergonomic}
    uintx ProfiledCodeHeapSize                     = 122912730                              {pd product} {ergonomic}
    uintx ReservedCodeCacheSize                    = 251658240                              {pd product} {ergonomic}
     bool SegmentedCodeCache                       = true                                      {product} {ergonomic}
     bool ShowCodeDetailsInExceptionMessages       = true                                   {manageable} {command line}
   size_t SoftMaxHeapSize                          = 1593835520                             {manageable} {ergonomic}
     bool UseCompressedClassPointers               = true                           {product lp64_product} {ergonomic}
     bool UseCompressedOops                        = true                           {product lp64_product} {ergonomic}
     bool UseG1GC                                  = true                                      {product} {ergonomic}
     bool UseLargePagesIndividualAllocation        = false                                  {pd product} {ergonomic}

Logging:
Log output configuration:
 #0: stdout all=warning uptime,level,tags
 #1: stderr all=off uptime,level,tags

Environment Variables:
JAVA_HOME=C:\Program Files\Java\jdk-17
PATH=C:/Users/PC/Desktop/Documentos de Esteban/Programas/sts-4.22.0.RELEASE//plugins/org.eclipse.justj.openjdk.hotspot.jre.full.win32.x86_64_17.0.10.v20240120-1143/jre/bin/server;C:/Users/PC/Desktop/Documentos de Esteban/Programas/sts-4.22.0.RELEASE//plugins/org.eclipse.justj.openjdk.hotspot.jre.full.win32.x86_64_17.0.10.v20240120-1143/jre/bin;C:\Program Files\Common Files\Oracle\Java\javapath;C:\Windows\system32;C:\Windows;C:\Windows\System32\Wbem;C:\Windows\System32\WindowsPowerShell\v1.0\;C:\Windows\System32\OpenSSH\;C:\Program Files\Git\cmd;C:\Program Files (x86)\Common Files\Propellerhead Software\ReWire\;C:\Program Files\Common Files\Propellerhead Software\ReWire\;C:\Program Files\nodejs\;C:\Program Files\Java\jdk-17\bin;C:\Users\PC\AppData\Local\Programs\Python\Launcher\;C:\Users\PC\.console-ninja\.bin;C:\Users\PC\AppData\Local\Microsoft\WindowsApps;C:\Microsoft VS Code\bin;C:\Users\PC\AppData\Roaming\npm;C:\Users\PC\Desktop\Documentos de Esteban\Programas\sts-4.22.0.RELEASE;
USERNAME=PC
OS=Windows_NT
PROCESSOR_IDENTIFIER=AMD64 Family 23 Model 24 Stepping 1, AuthenticAMD



---------------  S Y S T E M  ---------------

OS:
 Windows 10 , 64 bit Build 19041 (10.0.19041.3636)
OS uptime: 7 days 22:17 hours

CPU: total 4 (initial active 4) (4 cores per cpu, 2 threads per core) family 23 model 24 stepping 1 microcode 0x0, cx8, cmov, fxsr, ht, mmx, 3dnowpref, sse, sse2, sse3, ssse3, sse4a, sse4.1, sse4.2, popcnt, lzcnt, tsc, tscinvbit, avx, avx2, aes, clmul, bmi1, bmi2, adx, sha, fma, vzeroupper, clflush, clflushopt

Memory: 4k page, system-wide physical 6074M (1083M free)
TotalPageFile size 21325M (AvailPageFile size 1M)
current process WorkingSet (physical memory assigned to process): 24M, peak: 24M
current process commit charge ("private bytes"): 159M, peak: 163M

vm_info: Java HotSpot(TM) 64-Bit Server VM (17.0.10+11-LTS-240) for windows-amd64 JRE (17.0.10+11-LTS-240), built on Dec 19 2023 21:47:25 by "mach5one" with MS VC++ 17.1 (VS2022)

END.
